Command line invocation:
    /Applications/Xcode.app/Contents/Developer/usr/bin/xcodebuild -project ReadUp.xcodeproj -scheme ReadUp build

ComputePackagePrebuildTargetDependencyGraph

Prepare packages

CreateBuildRequest

SendProjectDescription

CreateBuildOperation

ComputeTargetDependencyGraph
note: Building targets in dependency order
note: Target dependency graph (1 target)
    Target 'ReadUp' in project 'ReadUp' (no dependencies)

GatherProvisioningInputs

CreateBuildDescription

ExecuteExternalTool /Applications/Xcode.app/Contents/Developer/Toolchains/XcodeDefault.xctoolchain/usr/bin/clang -v -E -dM -isysroot /Applications/Xcode.app/Contents/Developer/Platforms/iPhoneOS.platform/Developer/SDKs/iPhoneOS26.5.sdk -x c -c /dev/null

ExecuteExternalTool /Applications/Xcode.app/Contents/Developer/usr/bin/actool --print-asset-tag-combinations --output-format xml1 /Users/antoniocosta/Documents/Academy/ReadUp/ReadUp/App/Assets.xcassets

ExecuteExternalTool /Applications/Xcode.app/Contents/Developer/usr/bin/actool --version --output-format xml1

ExecuteExternalTool /Applications/Xcode.app/Contents/Developer/usr/bin/xcstringstool compile --dry-run --output-directory /Users/antoniocosta/Library/Developer/Xcode/DerivedData/ReadUp-buitvajjxwigdgbgvojsletuqmip/Build/Intermediates.noindex/ReadUp.build/Debug-iphoneos/ReadUp.build /Users/antoniocosta/Documents/Academy/ReadUp/ReadUp/Localizable.xcstrings

ExecuteExternalTool /Applications/Xcode.app/Contents/Developer/Toolchains/XcodeDefault.xctoolchain/usr/bin/swiftc --version

ExecuteExternalTool /Applications/Xcode.app/Contents/Developer/Toolchains/XcodeDefault.xctoolchain/usr/bin/ld -version_details

Build description signature: 7ca5418f3521c706016cd6937d68d471
Build description path: /Users/antoniocosta/Library/Developer/Xcode/DerivedData/ReadUp-buitvajjxwigdgbgvojsletuqmip/Build/Intermediates.noindex/XCBuildData/7ca5418f3521c706016cd6937d68d471.xcbuilddata
ClangStatCache /Applications/Xcode.app/Contents/Developer/Toolchains/XcodeDefault.xctoolchain/usr/bin/clang-stat-cache /Applications/Xcode.app/Contents/Developer/Platforms/iPhoneOS.platform/Developer/SDKs/iPhoneOS26.5.sdk /Users/antoniocosta/Library/Developer/Xcode/DerivedData/SDKStatCaches.noindex/iphoneos26.5-23F73-32daed1954a7d5dd0789fcaf2a9bb78b.sdkstatcache
    cd /Users/antoniocosta/Documents/Academy/ReadUp/ReadUp.xcodeproj
    /Applications/Xcode.app/Contents/Developer/Toolchains/XcodeDefault.xctoolchain/usr/bin/clang-stat-cache /Applications/Xcode.app/Contents/Developer/Platforms/iPhoneOS.platform/Developer/SDKs/iPhoneOS26.5.sdk -o /Users/antoniocosta/Library/Developer/Xcode/DerivedData/SDKStatCaches.noindex/iphoneos26.5-23F73-32daed1954a7d5dd0789fcaf2a9bb78b.sdkstatcache

ProcessInfoPlistFile /Users/antoniocosta/Library/Developer/Xcode/DerivedData/ReadUp-buitvajjxwigdgbgvojsletuqmip/Build/Products/Debug-iphoneos/ReadUp.app/Info.plist /Users/antoniocosta/Documents/Academy/ReadUp/ReadUp/Info.plist (in target 'ReadUp' from project 'ReadUp')
    cd /Users/antoniocosta/Documents/Academy/ReadUp
    builtin-infoPlistUtility /Users/antoniocosta/Documents/Academy/ReadUp/ReadUp/Info.plist -producttype com.apple.product-type.application -genpkginfo /Users/antoniocosta/Library/Developer/Xcode/DerivedData/ReadUp-buitvajjxwigdgbgvojsletuqmip/Build/Products/Debug-iphoneos/ReadUp.app/PkgInfo -expandbuildsettings -format binary -platform iphoneos -additionalcontentfile /Users/antoniocosta/Library/Developer/Xcode/DerivedData/ReadUp-buitvajjxwigdgbgvojsletuqmip/Build/Intermediates.noindex/ReadUp.build/Debug-iphoneos/ReadUp.build/assetcatalog_generated_info.plist -requiredArchitecture arm64 -o /Users/antoniocosta/Library/Developer/Xcode/DerivedData/ReadUp-buitvajjxwigdgbgvojsletuqmip/Build/Products/Debug-iphoneos/ReadUp.app/Info.plist

CopySwiftLibs /Users/antoniocosta/Library/Developer/Xcode/DerivedData/ReadUp-buitvajjxwigdgbgvojsletuqmip/Build/Products/Debug-iphoneos/ReadUp.app (in target 'ReadUp' from project 'ReadUp')
    cd /Users/antoniocosta/Documents/Academy/ReadUp
    builtin-swiftStdLibTool --copy --verbose --sign BB97A6E0FE3303793673FEEAC6AA80DE213D712D --scan-executable /Users/antoniocosta/Library/Developer/Xcode/DerivedData/ReadUp-buitvajjxwigdgbgvojsletuqmip/Build/Products/Debug-iphoneos/ReadUp.app/ReadUp.debug.dylib --scan-folder /Users/antoniocosta/Library/Developer/Xcode/DerivedData/ReadUp-buitvajjxwigdgbgvojsletuqmip/Build/Products/Debug-iphoneos/ReadUp.app/Frameworks --scan-folder /Users/antoniocosta/Library/Developer/Xcode/DerivedData/ReadUp-buitvajjxwigdgbgvojsletuqmip/Build/Products/Debug-iphoneos/ReadUp.app/PlugIns --scan-folder /Users/antoniocosta/Library/Developer/Xcode/DerivedData/ReadUp-buitvajjxwigdgbgvojsletuqmip/Build/Products/Debug-iphoneos/ReadUp.app/SystemExtensions --scan-folder /Users/antoniocosta/Library/Developer/Xcode/DerivedData/ReadUp-buitvajjxwigdgbgvojsletuqmip/Build/Products/Debug-iphoneos/ReadUp.app/Extensions --platform iphoneos --toolchain /Applications/Xcode.app/Contents/Developer/Toolchains/XcodeDefault.xctoolchain --destination /Users/antoniocosta/Library/Developer/Xcode/DerivedData/ReadUp-buitvajjxwigdgbgvojsletuqmip/Build/Products/Debug-iphoneos/ReadUp.app/Frameworks --strip-bitcode --strip-bitcode-tool /Applications/Xcode.app/Contents/Developer/Toolchains/XcodeDefault.xctoolchain/usr/bin/bitcode_strip --emit-dependency-info /Users/antoniocosta/Library/Developer/Xcode/DerivedData/ReadUp-buitvajjxwigdgbgvojsletuqmip/Build/Intermediates.noindex/ReadUp.build/Debug-iphoneos/ReadUp.build/SwiftStdLibToolInputDependencies.dep --filter-for-swift-os

** BUILD SUCCEEDED **

